<?xml version="1.0" encoding="UTF-8"?>
<!-- Generated by org.testng.reporters.JUnitReportReporter -->
<testsuite hostname="Naveen" failures="0" tests="1" name="com.actitime.testscripts.CustomerModule" time="41.245" errors="0" timestamp="2021-01-09T10:48:46 IST" skipped="0">
  <testcase classname="com.actitime.testscripts.CustomerModule" name="testCreatCustomer" time="41.245"/>
  <system-out/>
</testsuite> <!-- com.actitime.testscripts.CustomerModule -->
